#
# A fatal error has been detected by the Java Runtime Environment:
#
#  SIGSEGV (0xb) at pc=0x00007fffcd71d22e, pid=30260, tid=0x0000000000000307
#
# JRE version: Java(TM) SE Runtime Environment (8.0_92-b14) (build 1.8.0_92-b14)
# Java VM: Java HotSpot(TM) 64-Bit Server VM (25.92-b14 mixed mode bsd-amd64 compressed oops)
# Problematic frame:
# C  [libsystem_trace.dylib+0xb22e]  _os_trace_location_for_address+0x1c
#
# Failed to write core dump. Core dumps have been disabled. To enable core dumping, try "ulimit -c unlimited" before starting Java again
#
# If you would like to submit a bug report, please visit:
#   http://bugreport.java.com/bugreport/crash.jsp
# The crash happened outside the Java Virtual Machine in native code.
# See problematic frame for where to report the bug.
#

---------------  T H R E A D  ---------------

Current thread (0x00007fd7e52b4800):  JavaThread "JavaFX Application Thread" [_thread_in_native, id=775, stack(0x00007fff599cd000,0x00007fff5a1cd000)]

siginfo: si_signo: 11 (SIGSEGV), si_code: 1 (SEGV_MAPERR), si_addr: 0x0000000000000018

Registers:
RAX=0x0000000000000000, RBX=0x0000000000000000, RCX=0x00007fff5a1c594e, RDX=0x00007fff5a1c61d0
RSP=0x00007fff5a1c5850, RBP=0x00007fff5a1c5870, RSI=0x000000010ee6e554, RDI=0x0000000000000000
R8 =0x0000000000000000, R9 =0x000000010ee6e554, R10=0x0000000000000001, R11=0x00007fff5a1c7090
R12=0x00007fff5a1c61d0, R13=0x000000010ee6e554, R14=0x00007fff5a1c594e, R15=0x000000010ee6e554
RIP=0x00007fffcd71d22e, EFLAGS=0x0000000000010202, ERR=0x0000000000000004
  TRAPNO=0x000000000000000e

Top of Stack: (sp=0x00007fff5a1c5850)
0x00007fff5a1c5850:   000000010ee6e554 00007fffcd72e79a
0x00007fff5a1c5860:   42c02641536200b8 00007fffd6335df0
0x00007fff5a1c5870:   00007fff5a1c66c0 00007fffcd727b0f
0x00007fff5a1c5880:   00007fff5a1c6660 00007fffcd72776a
0x00007fff5a1c5890:   0000000000000001 00007fff5a1c6b10
0x00007fff5a1c58a0:   0000000000006425 0000000000000000
0x00007fff5a1c58b0:   0000000000000000 0000000000000000
0x00007fff5a1c58c0:   0000000000000000 0000000000000000
0x00007fff5a1c58d0:   0000000000000000 0000000000000000
0x00007fff5a1c58e0:   0000000000000000 0000000000000000
0x00007fff5a1c58f0:   0000000000000000 0000000000000000
0x00007fff5a1c5900:   0000000000000000 0000000000000000
0x00007fff5a1c5910:   0000000000000000 0000000000000000
0x00007fff5a1c5920:   0000000000000000 0000000000000000
0x00007fff5a1c5930:   0000000000000000 0000000000000000
0x00007fff5a1c5940:   0000000000000000 0000000000000000
0x00007fff5a1c5950:   0000000000000000 0000000000000000
0x00007fff5a1c5960:   0000000000000000 0000000000000000
0x00007fff5a1c5970:   0000000000000000 0000000000000000
0x00007fff5a1c5980:   0000000000000000 0000000000000000
0x00007fff5a1c5990:   0000000000000000 0000000000000000
0x00007fff5a1c59a0:   0000000000000000 0000000000000000
0x00007fff5a1c59b0:   0000000000000000 0000000000000000
0x00007fff5a1c59c0:   0000000000000000 0000000000000000
0x00007fff5a1c59d0:   0000000000000000 0000000000000000
0x00007fff5a1c59e0:   0000000000000000 0000000000000000
0x00007fff5a1c59f0:   0000000000000000 0000000000000000
0x00007fff5a1c5a00:   0000000000000000 0000000000000000
0x00007fff5a1c5a10:   0000000000000000 0000000000000000
0x00007fff5a1c5a20:   0000000000000000 0000000000000000
0x00007fff5a1c5a30:   0000000000000000 0000000000000000
0x00007fff5a1c5a40:   0000000000000000 0000000000000000 

Instructions: (pc=0x00007fffcd71d22e)
0x00007fffcd71d20e:   2b 47 10 c3 55 48 89 e5 41 57 41 56 41 54 53 49
0x00007fffcd71d21e:   89 ce 49 89 d4 49 89 f7 48 89 fb 49 89 5c 24 10
0x00007fffcd71d22e:   83 7b 18 00 78 34 49 8d 54 24 18 83 7b 0c 02 75
0x00007fffcd71d23e:   58 48 8d 35 7a 96 c1 08 48 89 d7 e8 30 0a 01 00 

Register to memory mapping:

RAX=0x0000000000000000 is an unknown value
RBX=0x0000000000000000 is an unknown value
RCX=0x00007fff5a1c594e is pointing into the stack for thread: 0x00007fd7e52b4800
RDX=0x00007fff5a1c61d0 is pointing into the stack for thread: 0x00007fd7e52b4800
RSP=0x00007fff5a1c5850 is pointing into the stack for thread: 0x00007fd7e52b4800
RBP=0x00007fff5a1c5870 is pointing into the stack for thread: 0x00007fd7e52b4800
RSI=0x000000010ee6e554 is at code_begin+852 in an Interpreter codelet
method entry point (kind = native)  [0x000000010ee6e200, 0x000000010ee6eb00]  2304 bytes
RDI=0x0000000000000000 is an unknown value
R8 =0x0000000000000000 is an unknown value
R9 =0x000000010ee6e554 is at code_begin+852 in an Interpreter codelet
method entry point (kind = native)  [0x000000010ee6e200, 0x000000010ee6eb00]  2304 bytes
R10=0x0000000000000001 is an unknown value
R11=0x00007fff5a1c7090 is pointing into the stack for thread: 0x00007fd7e52b4800
R12=0x00007fff5a1c61d0 is pointing into the stack for thread: 0x00007fd7e52b4800
R13=0x000000010ee6e554 is at code_begin+852 in an Interpreter codelet
method entry point (kind = native)  [0x000000010ee6e200, 0x000000010ee6eb00]  2304 bytes
R14=0x00007fff5a1c594e is pointing into the stack for thread: 0x00007fd7e52b4800
R15=0x000000010ee6e554 is at code_begin+852 in an Interpreter codelet
method entry point (kind = native)  [0x000000010ee6e200, 0x000000010ee6eb00]  2304 bytes


Stack: [0x00007fff599cd000,0x00007fff5a1cd000],  sp=0x00007fff5a1c5850,  free space=8162k
Native frames: (J=compiled Java code, j=interpreted, Vv=VM code, C=native code)
C  [libsystem_trace.dylib+0xb22e]  _os_trace_location_for_address+0x1c
C  [libsystem_trace.dylib+0x15b0f]  _os_log_actual+0x86
C  [libsystem_trace.dylib+0x17d63]  os_log_with_args+0x50d
C  [libsystem_trace.dylib+0x18049]  os_log_shim_with_CFString+0x12b
C  [CoreFoundation+0xdfb5e]  _CFLogvEx3+0xbe
C  [Foundation+0xa2735]  _NSLogv+0x75
C  [Foundation+0x8d8be]  NSLog+0x98
j  com.sun.glass.ui.mac.MacTimer._initIDs()V+0
j  com.sun.glass.ui.mac.MacTimer.<clinit>()V+12
v  ~StubRoutines::call_stub
V  [libjvm.dylib+0x2ecc9a]  JavaCalls::call_helper(JavaValue*, methodHandle*, JavaCallArguments*, Thread*)+0x6ae
V  [libjvm.dylib+0x2bfa05]  InstanceKlass::call_class_initializer_impl(instanceKlassHandle, Thread*)+0xbf
V  [libjvm.dylib+0x2c0f0d]  InstanceKlass::initialize_impl(instanceKlassHandle, Thread*)+0x4b5
V  [libjvm.dylib+0x2c11a3]  InstanceKlass::initialize(Thread*)+0x3d
V  [libjvm.dylib+0x2e8708]  InterpreterRuntime::_new(JavaThread*, ConstantPool*, int)+0x5e
j  com.sun.glass.ui.mac.MacApplication.createTimer(Ljava/lang/Runnable;)Lcom/sun/glass/ui/Timer;+0
j  com.sun.javafx.tk.quantum.QuantumToolkit.runToolkit()V+71
j  com.sun.javafx.tk.quantum.QuantumToolkit.lambda$startup$403()V+1
j  com.sun.javafx.tk.quantum.QuantumToolkit$$Lambda$33.run()V+4
j  com.sun.glass.ui.Application.lambda$run$38(Ljava/lang/Runnable;)V+4
j  com.sun.glass.ui.Application$$Lambda$38.run()V+4
v  ~StubRoutines::call_stub
V  [libjvm.dylib+0x2ecc9a]  JavaCalls::call_helper(JavaValue*, methodHandle*, JavaCallArguments*, Thread*)+0x6ae
V  [libjvm.dylib+0x323ea5]  jni_invoke_nonstatic(JNIEnv_*, JavaValue*, _jobject*, JNICallType, _jmethodID*, JNI_ArgumentPusher*, Thread*)+0x2ec
V  [libjvm.dylib+0x316673]  jni_CallVoidMethod+0x16b
C  [libglass.dylib+0x4953]  -[GlassApplication applicationWillFinishLaunching:]+0x1a3
C  [CoreFoundation+0x9a9fc]  __CFNOTIFICATIONCENTER_IS_CALLING_OUT_TO_AN_OBSERVER__+0xc
C  [CoreFoundation+0x9a8fb]  _CFXRegistrationPost+0x1ab
C  [CoreFoundation+0x9a662]  ___CFXNotificationPost_block_invoke+0x32
C  [CoreFoundation+0x58d12]  -[_CFXNotificationRegistrar find:object:observer:enumerator:]+0x7e2
C  [CoreFoundation+0x57cfb]  _CFXNotificationPost+0x29b
C  [Foundation+0x6a37]  -[NSNotificationCenter postNotificationName:object:userInfo:]+0x42
C  [AppKit+0x3b720]  -[NSApplication finishLaunching]+0x147
C  [AppKit+0x3b1d2]  -[NSApplication run]+0x10b
C  [libglass.dylib+0x658c]  -[GlassApplication runLoop:]+0x72c
C  [Foundation+0x7188a]  __NSThreadPerformPerform+0x146
C  [CoreFoundation+0xa48d1]  __CFRUNLOOP_IS_CALLING_OUT_TO_A_SOURCE0_PERFORM_FUNCTION__+0x11
C  [CoreFoundation+0x85c6c]  __CFRunLoopDoSources0+0x22c
C  [CoreFoundation+0x85156]  __CFRunLoopRun+0x3a6
C  [CoreFoundation+0x84b54]  CFRunLoopRunSpecific+0x1a4
C  [java+0x6465]  CreateExecutionEnvironment+0x367
C  [java+0x218c]  JLI_Launch+0x7a0
C  [java+0x84c2]  main+0x65
C  [java+0x19e4]  start+0x34
C  0x0000000000000009

Java frames: (J=compiled Java code, j=interpreted, Vv=VM code)
j  com.sun.glass.ui.mac.MacTimer._initIDs()V+0
j  com.sun.glass.ui.mac.MacTimer.<clinit>()V+12
v  ~StubRoutines::call_stub
j  com.sun.glass.ui.mac.MacApplication.createTimer(Ljava/lang/Runnable;)Lcom/sun/glass/ui/Timer;+0
j  com.sun.javafx.tk.quantum.QuantumToolkit.runToolkit()V+71
j  com.sun.javafx.tk.quantum.QuantumToolkit.lambda$startup$403()V+1
j  com.sun.javafx.tk.quantum.QuantumToolkit$$Lambda$33.run()V+4
j  com.sun.glass.ui.Application.lambda$run$38(Ljava/lang/Runnable;)V+4
j  com.sun.glass.ui.Application$$Lambda$38.run()V+4
v  ~StubRoutines::call_stub

---------------  P R O C E S S  ---------------

Java Threads: ( => current thread )
=>0x00007fd7e52b4800 JavaThread "JavaFX Application Thread" [_thread_in_native, id=775, stack(0x00007fff599cd000,0x00007fff5a1cd000)]
  0x00007fd7e52b3800 JavaThread "Thread-2" daemon [_thread_blocked, id=25091, stack(0x000070000115b000,0x000070000125b000)]
  0x00007fd7e5966000 JavaThread "QuantumRenderer-0" daemon [_thread_blocked, id=19459, stack(0x0000700001058000,0x0000700001158000)]
  0x00007fd7e587f000 JavaThread "JavaFX-Launcher" [_thread_in_native, id=18947, stack(0x0000700000f55000,0x0000700001055000)]
  0x00007fd7e5117800 JavaThread "Monitor Ctrl-Break" daemon [_thread_in_native, id=18435, stack(0x0000700000e52000,0x0000700000f52000)]
  0x00007fd7e5829800 JavaThread "Service Thread" daemon [_thread_blocked, id=17411, stack(0x0000700000c4c000,0x0000700000d4c000)]
  0x00007fd7e508e000 JavaThread "C1 CompilerThread1" daemon [_thread_blocked, id=16899, stack(0x0000700000b49000,0x0000700000c49000)]
  0x00007fd7e5815800 JavaThread "C2 CompilerThread0" daemon [_thread_blocked, id=16387, stack(0x0000700000a46000,0x0000700000b46000)]
  0x00007fd7e5043000 JavaThread "Signal Dispatcher" daemon [_thread_blocked, id=15875, stack(0x0000700000943000,0x0000700000a43000)]
  0x00007fd7e5079800 JavaThread "Finalizer" daemon [_thread_blocked, id=11523, stack(0x00007000007bd000,0x00007000008bd000)]
  0x00007fd7e5071800 JavaThread "Reference Handler" daemon [_thread_blocked, id=11011, stack(0x00007000006ba000,0x00007000007ba000)]
  0x00007fd7e5011000 JavaThread "main" [_thread_blocked, id=7171, stack(0x00007000002ae000,0x00007000003ae000)]

Other Threads:
  0x00007fd7e506c800 VMThread [stack: 0x00007000005b7000,0x00007000006b7000] [id=10499]
  0x00007fd7e5837000 WatcherThread [stack: 0x0000700000d4f000,0x0000700000e4f000] [id=17923]

VM state:not at safepoint (normal execution)

VM Mutex/Monitor currently owned by a thread: None

Heap:
 PSYoungGen      total 18944K, used 7672K [0x0000000795580000, 0x0000000796a80000, 0x00000007c0000000)
  eden space 16384K, 46% used [0x0000000795580000,0x0000000795cfe3d8,0x0000000796580000)
  from space 2560K, 0% used [0x0000000796800000,0x0000000796800000,0x0000000796a80000)
  to   space 2560K, 0% used [0x0000000796580000,0x0000000796580000,0x0000000796800000)
 ParOldGen       total 44032K, used 0K [0x0000000740000000, 0x0000000742b00000, 0x0000000795580000)
  object space 44032K, 0% used [0x0000000740000000,0x0000000740000000,0x0000000742b00000)
 Metaspace       used 5841K, capacity 6378K, committed 6400K, reserved 1056768K
  class space    used 653K, capacity 750K, committed 768K, reserved 1048576K

Card table byte_map: [0x00000001073c0000,0x00000001077c1000] byte_map_base: 0x00000001039c0000

Marking Bits: (ParMarkBitMap*) 0x0000000106398bd0
 Begin Bits: [0x0000000107a6c000, 0x0000000109a6c000)
 End Bits:   [0x0000000109a6c000, 0x000000010ba6c000)

Polling page: 0x0000000106a8a000

CodeCache: size=245760Kb used=1772Kb max_used=1772Kb free=243987Kb
 bounds [0x000000010ee59000, 0x000000010f0c9000, 0x000000011de59000]
 total_blobs=716 nmethods=346 adapters=286
 compilation: enabled

Compilation events (10 events):
Event: 5.518 Thread 0x00007fd7e508e000  341       3       java.io.InputStream::<init> (5 bytes)
Event: 5.518 Thread 0x00007fd7e508e000 nmethod 341 0x000000010f00d850 code [0x000000010f00d9c0, 0x000000010f00db70]
Event: 5.528 Thread 0x00007fd7e508e000  342       3       java.util.WeakHashMap::remove (133 bytes)
Event: 5.529 Thread 0x00007fd7e508e000 nmethod 342 0x000000010f00e950 code [0x000000010f00eb40, 0x000000010f00f608]
Event: 5.545 Thread 0x00007fd7e508e000  343   !   3       java.lang.ClassLoader::getPackage (118 bytes)
Event: 5.546 Thread 0x00007fd7e508e000 nmethod 343 0x000000010f0126d0 code [0x000000010f0128e0, 0x000000010f013638]
Event: 5.594 Thread 0x00007fd7e508e000  344       3       java.lang.reflect.Modifier::isPublic (12 bytes)
Event: 5.594 Thread 0x00007fd7e508e000 nmethod 344 0x000000010f013f50 code [0x000000010f0140c0, 0x000000010f014250]
Event: 5.594 Thread 0x00007fd7e508e000  345       3       java.lang.reflect.Array::newInstance (6 bytes)
Event: 5.595 Thread 0x00007fd7e508e000 nmethod 345 0x000000010f0142d0 code [0x000000010f014440, 0x000000010f0145a8]

GC Heap History (0 events):
No events

Deoptimization events (0 events):
No events

Internal exceptions (9 events):
Event: 0.110 Thread 0x00007fd7e5011000 Exception <a 'java/lang/NoSuchMethodError': Method sun.misc.Unsafe.defineClass(Ljava/lang/String;[BII)Ljava/lang/Class; name or signature does not match> (0x0000000795587cc0) thrown at [/Users/java_re/workspace/8-2-build-macosx-x86_64/jdk8u92/6642/hotspot
Event: 0.110 Thread 0x00007fd7e5011000 Exception <a 'java/lang/NoSuchMethodError': Method sun.misc.Unsafe.prefetchRead(Ljava/lang/Object;J)V name or signature does not match> (0x0000000795587fa8) thrown at [/Users/java_re/workspace/8-2-build-macosx-x86_64/jdk8u92/6642/hotspot/src/share/vm/prim
Event: 1.628 Thread 0x00007fd7e5011000 Exception <a 'java/lang/NoSuchFieldError': method resolution failed> (0x000000079580f048) thrown at [/Users/java_re/workspace/8-2-build-macosx-x86_64/jdk8u92/6642/hotspot/src/share/vm/prims/methodHandles.cpp, line 1146]
Event: 1.631 Thread 0x00007fd7e5011000 Exception <a 'java/lang/NoSuchFieldError': method resolution failed> (0x000000079581c3f8) thrown at [/Users/java_re/workspace/8-2-build-macosx-x86_64/jdk8u92/6642/hotspot/src/share/vm/prims/methodHandles.cpp, line 1146]
Event: 1.729 Thread 0x00007fd7e587f000 Exception <a 'java/security/PrivilegedActionException'> (0x00000007958ce410) thrown at [/Users/java_re/workspace/8-2-build-macosx-x86_64/jdk8u92/6642/hotspot/src/share/vm/prims/jvm.cpp, line 1386]
Event: 1.729 Thread 0x00007fd7e587f000 Exception <a 'java/security/PrivilegedActionException'> (0x00000007958ce620) thrown at [/Users/java_re/workspace/8-2-build-macosx-x86_64/jdk8u92/6642/hotspot/src/share/vm/prims/jvm.cpp, line 1386]
Event: 1.729 Thread 0x00007fd7e587f000 Exception <a 'java/security/PrivilegedActionException'> (0x00000007958d18c0) thrown at [/Users/java_re/workspace/8-2-build-macosx-x86_64/jdk8u92/6642/hotspot/src/share/vm/prims/jvm.cpp, line 1386]
Event: 1.729 Thread 0x00007fd7e587f000 Exception <a 'java/security/PrivilegedActionException'> (0x00000007958d1ad0) thrown at [/Users/java_re/workspace/8-2-build-macosx-x86_64/jdk8u92/6642/hotspot/src/share/vm/prims/jvm.cpp, line 1386]
Event: 1.729 Thread 0x00007fd7e587f000 Exception <a 'java/lang/NullPointerException'> (0x00000007958d22c0) thrown at [/Users/java_re/workspace/8-2-build-macosx-x86_64/jdk8u92/6642/hotspot/src/share/vm/interpreter/linkResolver.cpp, line 1178]

Events (10 events):
Event: 5.544 loading class com/sun/prism/impl/ps/BaseShaderContext$SpecialShaderType
Event: 5.544 loading class com/sun/prism/impl/ps/BaseShaderContext$SpecialShaderType done
Event: 5.545 loading class com/sun/javafx/geom/Vec3d
Event: 5.545 loading class com/sun/javafx/geom/Vec3d done
Event: 5.589 loading class com/sun/prism/impl/ps/BaseShaderContext$State
Event: 5.589 loading class com/sun/prism/impl/ps/BaseShaderContext$State done
Event: 5.590 loading class com/sun/javafx/tk/quantum/QuantumToolkit
Event: 5.590 loading class com/sun/javafx/tk/quantum/QuantumToolkit done
Event: 5.590 loading class com/sun/javafx/tk/quantum/QuantumToolkit
Event: 5.590 loading class com/sun/javafx/tk/quantum/QuantumToolkit done


Dynamic libraries:
0x00000000429d6000 	/System/Library/Frameworks/Cocoa.framework/Versions/A/Cocoa
0x00000000429d6000 	/System/Library/Frameworks/Security.framework/Versions/A/Security
0x00000000429d6000 	/System/Library/Frameworks/ApplicationServices.framework/Versions/A/ApplicationServices
0x00000000429d6000 	/usr/lib/libz.1.dylib
0x00000000429d6000 	/usr/lib/libSystem.B.dylib
0x00000000429d6000 	/usr/lib/libobjc.A.dylib
0x00000000429d6000 	/System/Library/Frameworks/CoreFoundation.framework/Versions/A/CoreFoundation
0x00000000429d6000 	/System/Library/Frameworks/Foundation.framework/Versions/C/Foundation
0x00000000429d6000 	/System/Library/Frameworks/AppKit.framework/Versions/C/AppKit
0x00000000429d6000 	/System/Library/Frameworks/CoreData.framework/Versions/A/CoreData
0x00000000429d6000 	/System/Library/PrivateFrameworks/RemoteViewServices.framework/Versions/A/RemoteViewServices
0x00000000429d6000 	/System/Library/PrivateFrameworks/UIFoundation.framework/Versions/A/UIFoundation
0x00000000429d6000 	/System/Library/PrivateFrameworks/DFRFoundation.framework/Versions/A/DFRFoundation
0x00000000429d6000 	/usr/lib/libenergytrace.dylib
0x00000000429d6000 	/System/Library/PrivateFrameworks/SkyLight.framework/Versions/A/SkyLight
0x00000000429d6000 	/System/Library/Frameworks/CoreGraphics.framework/Versions/A/CoreGraphics
0x00000000429d6000 	/usr/lib/libScreenReader.dylib
0x00000000429d6000 	/System/Library/Frameworks/Accelerate.framework/Versions/A/Accelerate
0x00000000429d6000 	/System/Library/Frameworks/IOSurface.framework/Versions/A/IOSurface
0x00000000429d6000 	/System/Library/Frameworks/AudioToolbox.framework/Versions/A/AudioToolbox
0x00000000429d6000 	/System/Library/Frameworks/AudioUnit.framework/Versions/A/AudioUnit
0x00000000429d6000 	/System/Library/PrivateFrameworks/DataDetectorsCore.framework/Versions/A/DataDetectorsCore
0x00000000429d6000 	/System/Library/PrivateFrameworks/DesktopServicesPriv.framework/Versions/A/DesktopServicesPriv
0x00000000429d6000 	/System/Library/Frameworks/Carbon.framework/Versions/A/Frameworks/HIToolbox.framework/Versions/A/HIToolbox
0x00000000429d6000 	/usr/lib/libicucore.A.dylib
0x00000000429d6000 	/System/Library/Frameworks/QuartzCore.framework/Versions/A/QuartzCore
0x00000000429d6000 	/System/Library/Frameworks/Carbon.framework/Versions/A/Frameworks/SpeechRecognition.framework/Versions/A/SpeechRecognition
0x00000000429d6000 	/usr/lib/libauto.dylib
0x00000000429d6000 	/usr/lib/libxml2.2.dylib
0x00000000429d6000 	/System/Library/PrivateFrameworks/CoreUI.framework/Versions/A/CoreUI
0x00000000429d6000 	/System/Library/Frameworks/CoreAudio.framework/Versions/A/CoreAudio
0x00000000429d6000 	/System/Library/Frameworks/DiskArbitration.framework/Versions/A/DiskArbitration
0x00000000429d6000 	/usr/lib/liblangid.dylib
0x00000000429d6000 	/System/Library/PrivateFrameworks/MultitouchSupport.framework/Versions/A/MultitouchSupport
0x00000000429d6000 	/System/Library/Frameworks/IOKit.framework/Versions/A/IOKit
0x00000000429d6000 	/usr/lib/libDiagnosticMessagesClient.dylib
0x00000000429d6000 	/System/Library/Frameworks/CoreServices.framework/Versions/A/CoreServices
0x00000000429d6000 	/System/Library/PrivateFrameworks/PerformanceAnalysis.framework/Versions/A/PerformanceAnalysis
0x00000000429d6000 	/System/Library/PrivateFrameworks/GenerationalStorage.framework/Versions/A/GenerationalStorage
0x00000000429d6000 	/System/Library/Frameworks/OpenGL.framework/Versions/A/OpenGL
0x00000000429d6000 	/System/Library/Frameworks/CoreImage.framework/Versions/A/CoreImage
0x00000000429d6000 	/System/Library/Frameworks/CoreText.framework/Versions/A/CoreText
0x00000000429d6000 	/System/Library/Frameworks/ImageIO.framework/Versions/A/ImageIO
0x00000000429d6000 	/System/Library/PrivateFrameworks/Backup.framework/Versions/A/Backup
0x00000000429d6000 	/usr/lib/libarchive.2.dylib
0x00000000429d6000 	/System/Library/Frameworks/CFNetwork.framework/Versions/A/CFNetwork
0x00000000429d6000 	/System/Library/Frameworks/SystemConfiguration.framework/Versions/A/SystemConfiguration
0x00000000429d6000 	/usr/lib/libCRFSuite.dylib
0x00000000429d6000 	/usr/lib/libc++.1.dylib
0x00000000429d6000 	/usr/lib/libc++abi.dylib
0x00000000429d6000 	/usr/lib/system/libcache.dylib
0x00000000429d6000 	/usr/lib/system/libcommonCrypto.dylib
0x00000000429d6000 	/usr/lib/system/libcompiler_rt.dylib
0x00000000429d6000 	/usr/lib/system/libcopyfile.dylib
0x00000000429d6000 	/usr/lib/system/libcorecrypto.dylib
0x00000000429d6000 	/usr/lib/system/libdispatch.dylib
0x00000000429d6000 	/usr/lib/system/libdyld.dylib
0x00000000429d6000 	/usr/lib/system/libkeymgr.dylib
0x00000000429d6000 	/usr/lib/system/liblaunch.dylib
0x00000000429d6000 	/usr/lib/system/libmacho.dylib
0x00000000429d6000 	/usr/lib/system/libquarantine.dylib
0x00000000429d6000 	/usr/lib/system/libremovefile.dylib
0x00000000429d6000 	/usr/lib/system/libsystem_asl.dylib
0x00000000429d6000 	/usr/lib/system/libsystem_blocks.dylib
0x00000000429d6000 	/usr/lib/system/libsystem_c.dylib
0x00000000429d6000 	/usr/lib/system/libsystem_configuration.dylib
0x00000000429d6000 	/usr/lib/system/libsystem_coreservices.dylib
0x00000000429d6000 	/usr/lib/system/libsystem_coretls.dylib
0x00000000429d6000 	/usr/lib/system/libsystem_dnssd.dylib
0x00000000429d6000 	/usr/lib/system/libsystem_info.dylib
0x00000000429d6000 	/usr/lib/system/libsystem_kernel.dylib
0x00000000429d6000 	/usr/lib/system/libsystem_m.dylib
0x00000000429d6000 	/usr/lib/system/libsystem_malloc.dylib
0x00000000429d6000 	/usr/lib/system/libsystem_network.dylib
0x00000000429d6000 	/usr/lib/system/libsystem_networkextension.dylib
0x00000000429d6000 	/usr/lib/system/libsystem_notify.dylib
0x00000000429d6000 	/usr/lib/system/libsystem_platform.dylib
0x00000000429d6000 	/usr/lib/system/libsystem_pthread.dylib
0x00000000429d6000 	/usr/lib/system/libsystem_sandbox.dylib
0x00000000429d6000 	/usr/lib/system/libsystem_secinit.dylib
0x00000000429d6000 	/usr/lib/system/libsystem_symptoms.dylib
0x00000000429d6000 	/usr/lib/system/libsystem_trace.dylib
0x00000000429d6000 	/usr/lib/system/libunwind.dylib
0x00000000429d6000 	/usr/lib/system/libxpc.dylib
0x00000000429d6000 	/usr/lib/libbsm.0.dylib
0x00000000429d6000 	/usr/lib/system/libkxld.dylib
0x00000000429d6000 	/usr/lib/libcoretls.dylib
0x00000000429d6000 	/usr/lib/libcoretls_cfhelpers.dylib
0x00000000429d6000 	/usr/lib/libxar.1.dylib
0x00000000429d6000 	/usr/lib/libsqlite3.dylib
0x00000000429d6000 	/usr/lib/libpam.2.dylib
0x00000000429d6000 	/usr/lib/libOpenScriptingUtil.dylib
0x00000000429d6000 	/usr/lib/libbz2.1.0.dylib
0x00000000429d6000 	/usr/lib/liblzma.5.dylib
0x00000000429d6000 	/usr/lib/libnetwork.dylib
0x00000000429d6000 	/usr/lib/libpcap.A.dylib
0x00000000429d6000 	/System/Library/Frameworks/CoreServices.framework/Versions/A/Frameworks/FSEvents.framework/Versions/A/FSEvents
0x00000000429d6000 	/System/Library/Frameworks/CoreServices.framework/Versions/A/Frameworks/CarbonCore.framework/Versions/A/CarbonCore
0x00000000429d6000 	/System/Library/Frameworks/CoreServices.framework/Versions/A/Frameworks/Metadata.framework/Versions/A/Metadata
0x00000000429d6000 	/System/Library/Frameworks/CoreServices.framework/Versions/A/Frameworks/OSServices.framework/Versions/A/OSServices
0x00000000429d6000 	/System/Library/Frameworks/CoreServices.framework/Versions/A/Frameworks/SearchKit.framework/Versions/A/SearchKit
0x00000000429d6000 	/System/Library/Frameworks/CoreServices.framework/Versions/A/Frameworks/AE.framework/Versions/A/AE
0x00000000429d6000 	/System/Library/Frameworks/CoreServices.framework/Versions/A/Frameworks/LaunchServices.framework/Versions/A/LaunchServices
0x00000000429d6000 	/System/Library/Frameworks/CoreServices.framework/Versions/A/Frameworks/DictionaryServices.framework/Versions/A/DictionaryServices
0x00000000429d6000 	/System/Library/Frameworks/CoreServices.framework/Versions/A/Frameworks/SharedFileList.framework/Versions/A/SharedFileList
0x00000000429d6000 	/System/Library/Frameworks/NetFS.framework/Versions/A/NetFS
0x00000000429d6000 	/System/Library/PrivateFrameworks/NetAuth.framework/Versions/A/NetAuth
0x00000000429d6000 	/System/Library/PrivateFrameworks/login.framework/Versions/A/Frameworks/loginsupport.framework/Versions/A/loginsupport
0x00000000429d6000 	/System/Library/PrivateFrameworks/TCC.framework/Versions/A/TCC
0x00000000429d6000 	/usr/lib/libmecabra.dylib
0x00000000429d6000 	/System/Library/Frameworks/ApplicationServices.framework/Versions/A/Frameworks/ATS.framework/Versions/A/ATS
0x00000000429d6000 	/System/Library/Frameworks/ApplicationServices.framework/Versions/A/Frameworks/ColorSync.framework/Versions/A/ColorSync
0x00000000429d6000 	/System/Library/Frameworks/ApplicationServices.framework/Versions/A/Frameworks/HIServices.framework/Versions/A/HIServices
0x00000000429d6000 	/System/Library/Frameworks/ApplicationServices.framework/Versions/A/Frameworks/LangAnalysis.framework/Versions/A/LangAnalysis
0x00000000429d6000 	/System/Library/Frameworks/ApplicationServices.framework/Versions/A/Frameworks/PrintCore.framework/Versions/A/PrintCore
0x00000000429d6000 	/System/Library/Frameworks/ApplicationServices.framework/Versions/A/Frameworks/QD.framework/Versions/A/QD
0x00000000429d6000 	/System/Library/Frameworks/ApplicationServices.framework/Versions/A/Frameworks/SpeechSynthesis.framework/Versions/A/SpeechSynthesis
0x00000000429d6000 	/System/Library/Frameworks/Accelerate.framework/Versions/A/Frameworks/vImage.framework/Versions/A/vImage
0x00000000429d6000 	/System/Library/Frameworks/Accelerate.framework/Versions/A/Frameworks/vecLib.framework/Versions/A/vecLib
0x00000000429d6000 	/System/Library/Frameworks/Accelerate.framework/Versions/A/Frameworks/vecLib.framework/Versions/A/libvDSP.dylib
0x00000000429d6000 	/System/Library/Frameworks/Accelerate.framework/Versions/A/Frameworks/vecLib.framework/Versions/A/libBNNS.dylib
0x00000000429d6000 	/System/Library/Frameworks/Accelerate.framework/Versions/A/Frameworks/vecLib.framework/Versions/A/libQuadrature.dylib
0x00000000429d6000 	/System/Library/Frameworks/Accelerate.framework/Versions/A/Frameworks/vecLib.framework/Versions/A/libvMisc.dylib
0x00000000429d6000 	/System/Library/Frameworks/Accelerate.framework/Versions/A/Frameworks/vecLib.framework/Versions/A/libLAPACK.dylib
0x00000000429d6000 	/System/Library/Frameworks/Accelerate.framework/Versions/A/Frameworks/vecLib.framework/Versions/A/libBLAS.dylib
0x00000000429d6000 	/System/Library/Frameworks/Accelerate.framework/Versions/A/Frameworks/vecLib.framework/Versions/A/libLinearAlgebra.dylib
0x00000000429d6000 	/System/Library/Frameworks/Accelerate.framework/Versions/A/Frameworks/vecLib.framework/Versions/A/libSparseBLAS.dylib
0x00000000429d6000 	/System/Library/Frameworks/ApplicationServices.framework/Versions/A/Frameworks/ATS.framework/Versions/A/Resources/libFontParser.dylib
0x00000000429d6000 	/System/Library/Frameworks/ApplicationServices.framework/Versions/A/Frameworks/ATS.framework/Versions/A/Resources/libFontRegistry.dylib
0x00000000429d6000 	/System/Library/Frameworks/ImageIO.framework/Versions/A/Resources/libJPEG.dylib
0x00000000429d6000 	/System/Library/Frameworks/ImageIO.framework/Versions/A/Resources/libTIFF.dylib
0x00000000429d6000 	/System/Library/Frameworks/ImageIO.framework/Versions/A/Resources/libPng.dylib
0x00000000429d6000 	/System/Library/Frameworks/ImageIO.framework/Versions/A/Resources/libGIF.dylib
0x00000000429d6000 	/System/Library/Frameworks/ImageIO.framework/Versions/A/Resources/libJP2.dylib
0x00000000429d6000 	/System/Library/Frameworks/ImageIO.framework/Versions/A/Resources/libRadiance.dylib
0x00000000429d6000 	/usr/lib/libcompression.dylib
0x00000000429d6000 	/System/Library/PrivateFrameworks/AppleJPEG.framework/Versions/A/AppleJPEG
0x00000000429d6000 	/usr/lib/libcups.2.dylib
0x00000000429d6000 	/System/Library/Frameworks/Kerberos.framework/Versions/A/Kerberos
0x00000000429d6000 	/System/Library/Frameworks/GSS.framework/Versions/A/GSS
0x00000000429d6000 	/usr/lib/libresolv.9.dylib
0x00000000429d6000 	/usr/lib/libiconv.2.dylib
0x00000000429d6000 	/System/Library/PrivateFrameworks/Heimdal.framework/Versions/A/Heimdal
0x00000000429d6000 	/usr/lib/libheimdal-asn1.dylib
0x00000000429d6000 	/System/Library/Frameworks/OpenDirectory.framework/Versions/A/OpenDirectory
0x00000000429d6000 	/System/Library/PrivateFrameworks/CommonAuth.framework/Versions/A/CommonAuth
0x00000000429d6000 	/System/Library/Frameworks/OpenDirectory.framework/Versions/A/Frameworks/CFOpenDirectory.framework/Versions/A/CFOpenDirectory
0x00000000429d6000 	/System/Library/Frameworks/SecurityFoundation.framework/Versions/A/SecurityFoundation
0x00000000429d6000 	/System/Library/PrivateFrameworks/LanguageModeling.framework/Versions/A/LanguageModeling
0x00000000429d6000 	/usr/lib/libmarisa.dylib
0x00000000429d6000 	/usr/lib/libChineseTokenizer.dylib
0x00000000429d6000 	/usr/lib/libcmph.dylib
0x00000000429d6000 	/System/Library/PrivateFrameworks/CoreEmoji.framework/Versions/A/CoreEmoji
0x00000000429d6000 	/System/Library/Frameworks/ServiceManagement.framework/Versions/A/ServiceManagement
0x00000000429d6000 	/usr/lib/libxslt.1.dylib
0x00000000429d6000 	/System/Library/Frameworks/Carbon.framework/Versions/A/Frameworks/Ink.framework/Versions/A/Ink
0x00000000429d6000 	/System/Library/PrivateFrameworks/TextureIO.framework/Versions/A/TextureIO
0x00000000429d6000 	/System/Library/Frameworks/Metal.framework/Versions/A/Metal
0x00000000429d6000 	/usr/lib/libate.dylib
0x00000000429d6000 	/System/Library/PrivateFrameworks/GPUCompiler.framework/libmetal_timestamp.dylib
0x00000000429d6000 	/System/Library/Frameworks/OpenGL.framework/Versions/A/Libraries/libCoreFSCache.dylib
0x00000000429d6000 	/System/Library/PrivateFrameworks/IOAccelerator.framework/Versions/A/IOAccelerator
0x00000000429d6000 	/System/Library/Frameworks/CoreVideo.framework/Versions/A/CoreVideo
0x00000000429d6000 	/usr/lib/libFosl_dynamic.dylib
0x00000000429d6000 	/System/Library/PrivateFrameworks/MetalPerformanceShaders.framework/Versions/A/MetalPerformanceShaders
0x00000000429d6000 	/System/Library/PrivateFrameworks/FaceCore.framework/Versions/A/FaceCore
0x00000000429d6000 	/System/Library/Frameworks/OpenCL.framework/Versions/A/OpenCL
0x00000000429d6000 	/System/Library/Frameworks/OpenGL.framework/Versions/A/Libraries/libGLU.dylib
0x00000000429d6000 	/System/Library/Frameworks/OpenGL.framework/Versions/A/Libraries/libGFXShared.dylib
0x00000000429d6000 	/System/Library/Frameworks/OpenGL.framework/Versions/A/Libraries/libGL.dylib
0x00000000429d6000 	/System/Library/Frameworks/OpenGL.framework/Versions/A/Libraries/libGLImage.dylib
0x00000000429d6000 	/System/Library/Frameworks/OpenGL.framework/Versions/A/Libraries/libCVMSPluginSupport.dylib
0x00000000429d6000 	/System/Library/Frameworks/OpenGL.framework/Versions/A/Libraries/libCoreVMClient.dylib
0x00000000429d6000 	/System/Library/PrivateFrameworks/CrashReporterSupport.framework/Versions/A/CrashReporterSupport
0x00000000429d6000 	/System/Library/PrivateFrameworks/Sharing.framework/Versions/A/Sharing
0x00000000429d6000 	/System/Library/PrivateFrameworks/IconServices.framework/Versions/A/IconServices
0x00000000429d6000 	/System/Library/PrivateFrameworks/ProtocolBuffer.framework/Versions/A/ProtocolBuffer
0x00000000429d6000 	/System/Library/PrivateFrameworks/Apple80211.framework/Versions/A/Apple80211
0x00000000429d6000 	/System/Library/Frameworks/CoreWLAN.framework/Versions/A/CoreWLAN
0x00000000429d6000 	/System/Library/PrivateFrameworks/CoreUtils.framework/Versions/A/CoreUtils
0x00000000429d6000 	/System/Library/Frameworks/IOBluetooth.framework/Versions/A/IOBluetooth
0x00000000429d6000 	/System/Library/PrivateFrameworks/CoreWiFi.framework/Versions/A/CoreWiFi
0x00000000429d6000 	/System/Library/Frameworks/CoreBluetooth.framework/Versions/A/CoreBluetooth
0x00000000429d6000 	/System/Library/Frameworks/CoreDisplay.framework/Versions/A/CoreDisplay
0x00000000429d6000 	/System/Library/PrivateFrameworks/IOPresentment.framework/Versions/A/IOPresentment
0x00000000429d6000 	/System/Library/PrivateFrameworks/DebugSymbols.framework/Versions/A/DebugSymbols
0x00000000429d6000 	/System/Library/PrivateFrameworks/CoreSymbolication.framework/Versions/A/CoreSymbolication
0x00000000429d6000 	/System/Library/PrivateFrameworks/Symbolication.framework/Versions/A/Symbolication
0x00000000429d6000 	/System/Library/PrivateFrameworks/AppleFSCompression.framework/Versions/A/AppleFSCompression
0x00000000429d6000 	/System/Library/PrivateFrameworks/SpeechRecognitionCore.framework/Versions/A/SpeechRecognitionCore
0x00000000429d6000 	/System/Library/PrivateFrameworks/ChunkingLibrary.framework/Versions/A/ChunkingLibrary
0x0000000105ab0000 	/Library/Java/JavaVirtualMachines/jdk1.8.0_92.jdk/Contents/Home/jre/lib/server/libjvm.dylib
0x00000000429d6000 	/usr/lib/libstdc++.6.dylib
0x0000000106a47000 	/Library/Java/JavaVirtualMachines/jdk1.8.0_92.jdk/Contents/Home/jre/lib/libverify.dylib
0x0000000106a55000 	/Library/Java/JavaVirtualMachines/jdk1.8.0_92.jdk/Contents/Home/jre/lib/libjava.dylib
0x0000000106a94000 	/Library/Java/JavaVirtualMachines/jdk1.8.0_92.jdk/Contents/Home/jre/lib/libzip.dylib
0x000000010d1c1000 	/System/Library/Frameworks/JavaVM.framework/Frameworks/JavaRuntimeSupport.framework/JavaRuntimeSupport
0x000000010d1db000 	/System/Library/Frameworks/JavaVM.framework/Versions/A/Frameworks/JavaNativeFoundation.framework/Versions/A/JavaNativeFoundation
0x000000010d1f0000 	/System/Library/Frameworks/JavaVM.framework/Versions/A/JavaVM
0x00000000429d6000 	/System/Library/Frameworks/Carbon.framework/Versions/A/Carbon
0x000000010d1fd000 	/System/Library/PrivateFrameworks/JavaLaunching.framework/Versions/A/JavaLaunching
0x00000000429d6000 	/System/Library/Frameworks/Carbon.framework/Versions/A/Frameworks/CommonPanels.framework/Versions/A/CommonPanels
0x00000000429d6000 	/System/Library/Frameworks/Carbon.framework/Versions/A/Frameworks/Help.framework/Versions/A/Help
0x00000000429d6000 	/System/Library/Frameworks/Carbon.framework/Versions/A/Frameworks/ImageCapture.framework/Versions/A/ImageCapture
0x00000000429d6000 	/System/Library/Frameworks/Carbon.framework/Versions/A/Frameworks/OpenScripting.framework/Versions/A/OpenScripting
0x00000000429d6000 	/System/Library/Frameworks/Carbon.framework/Versions/A/Frameworks/Print.framework/Versions/A/Print
0x00000000429d6000 	/System/Library/Frameworks/Carbon.framework/Versions/A/Frameworks/SecurityHI.framework/Versions/A/SecurityHI
0x000000010ec5e000 	/Applications/IntelliJ IDEA 2.app/Contents/bin/libbreakgen64.jnilib
0x000000010ec61000 	/Library/Java/JavaVirtualMachines/jdk1.8.0_92.jdk/Contents/Home/jre/lib/libnet.dylib
0x000000010ed56000 	/Library/Java/JavaVirtualMachines/jdk1.8.0_92.jdk/Contents/Home/jre/lib/libprism_es2.dylib
0x00000000429d6000 	/System/Library/Frameworks/OpenGL.framework/Versions/A/Resources/GLEngine.bundle/GLEngine
0x00000000429d6000 	/System/Library/Frameworks/OpenGL.framework/Versions/A/Libraries/libGLProgrammability.dylib
0x000000011de59000 	/System/Library/Extensions/GeForceTeslaGLDriver.bundle/Contents/MacOS/GeForceTeslaGLDriver
0x000000011fa1f000 	/System/Library/Extensions/GeForceTeslaGLDriver.bundle/Contents/MacOS/libclh.dylib
0x00000000429d6000 	/System/Library/PrivateFrameworks/GPUSupport.framework/Versions/A/Libraries/libGPUSupport.dylib
0x00000000429d6000 	/System/Library/Frameworks/OpenGL.framework/Versions/A/Resources/GLRendererFloat.bundle/GLRendererFloat
0x00000000429d6000 	/System/Library/Frameworks/OpenCL.framework/Versions/A/Libraries/libcldcpuengine.dylib
0x00000000429d6000 	/usr/lib/libcrypto.0.9.8.dylib
0x00000000429d6000 	/System/Library/PrivateFrameworks/TrustEvaluationAgent.framework/Versions/A/TrustEvaluationAgent
0x000000012034e000 	/Library/Java/JavaVirtualMachines/jdk1.8.0_92.jdk/Contents/Home/jre/lib/libglass.dylib
0x00000000429d6000 	/System/Library/PrivateFrameworks/CoreServicesInternal.framework/Versions/A/CoreServicesInternal
0x00000000429d6000 	/System/Library/CoreServices/RawCamera.bundle/Contents/MacOS/RawCamera
0x00000000429d6000 	/System/Library/Frameworks/Accelerate.framework/Versions/A/Frameworks/vImage.framework/Versions/A/Libraries/libCGInterfaces.dylib

VM Arguments:
jvm_args: -Xmx2048m -Didea.launcher.port=7534 -Didea.launcher.bin.path=/Applications/IntelliJ IDEA 2.app/Contents/bin -Dfile.encoding=UTF-8 
java_command: com.intellij.rt.execution.application.AppMain hopfiel.Main
java_class_path (initial): /Library/Java/JavaVirtualMachines/jdk1.8.0_92.jdk/Contents/Home/jre/lib/charsets.jar:/Library/Java/JavaVirtualMachines/jdk1.8.0_92.jdk/Contents/Home/jre/lib/deploy.jar:/Library/Java/JavaVirtualMachines/jdk1.8.0_92.jdk/Contents/Home/jre/lib/ext/cldrdata.jar:/Library/Java/JavaVirtualMachines/jdk1.8.0_92.jdk/Contents/Home/jre/lib/ext/dnsns.jar:/Library/Java/JavaVirtualMachines/jdk1.8.0_92.jdk/Contents/Home/jre/lib/ext/jaccess.jar:/Library/Java/JavaVirtualMachines/jdk1.8.0_92.jdk/Contents/Home/jre/lib/ext/jfxrt.jar:/Library/Java/JavaVirtualMachines/jdk1.8.0_92.jdk/Contents/Home/jre/lib/ext/localedata.jar:/Library/Java/JavaVirtualMachines/jdk1.8.0_92.jdk/Contents/Home/jre/lib/ext/nashorn.jar:/Library/Java/JavaVirtualMachines/jdk1.8.0_92.jdk/Contents/Home/jre/lib/ext/sunec.jar:/Library/Java/JavaVirtualMachines/jdk1.8.0_92.jdk/Contents/Home/jre/lib/ext/sunjce_provider.jar:/Library/Java/JavaVirtualMachines/jdk1.8.0_92.jdk/Contents/Home/jre/lib/ext/sunpkcs11.jar:/Library/Java/JavaVirtualMachines/jdk1.8.0_92.jdk/Contents/Home/jre/lib/ext/zipfs.jar:/Library/Java/JavaVirtualMachines/jdk1.8.0_92.jdk/Contents/Home/jre/lib/javaws.jar:/Library/Java/JavaVirtualMachines/jdk1.8.0_92.jdk/Contents/Home/jre/lib/jce.jar:/Library/Java/JavaVirtualMachines/jdk1.8.0_92.jdk/Contents/Home/jre/lib/jfr.jar:/Library/Java/JavaVirtualMachines/jdk1.8.0_92.jdk/Contents/Home/jre/lib/jfxswt.jar:/Library/Java/JavaVirtualMachines/jdk1.8.0_92.jdk/Contents/Home/jre/lib/jsse.jar:/Library/Java/JavaVirtualMachines/jdk1.8.0_92.jdk/Contents/Home/jre/lib/management-agent.jar:/Library/Java/JavaVirtualMachines/jdk1.8.0_92.jdk/Contents/Home/jre/lib/plugin.jar:/Library/Java/JavaVirtualMachines/jdk1.8.0_92.jdk/Contents/Home/jre/lib/resources.jar:/Library/Java/JavaVirtualMachines/jdk1.8.0_92.jdk/Contents/Home/jre/lib/rt.jar:/Library/Java/JavaVirtualMachines/jdk1.8.0_92.jdk/Contents/Home/lib/ant-javafx.jar:/Library/Java/JavaVirtualMachines/jdk1.8.0_92.jdk/Contents/Home/lib/dt.jar:/Library/Ja
Launcher Type: SUN_STANDARD

Environment Variables:
PATH=/usr/local/bin:/usr/bin:/bin:/usr/sbin:/sbin
SHELL=/bin/bash

Signal Handlers:
SIGSEGV: [libjvm.dylib+0x5aa779], sa_mask[0]=11111111011111110111111111111111, sa_flags=SA_ONSTACK|SA_RESTART|SA_SIGINFO
SIGBUS: [libjvm.dylib+0x5aa779], sa_mask[0]=11111111011111110111111111111111, sa_flags=SA_RESTART|SA_SIGINFO
SIGFPE: [libjvm.dylib+0x4831d0], sa_mask[0]=11111111011111110111111111111111, sa_flags=SA_RESTART|SA_SIGINFO
SIGPIPE: [libjvm.dylib+0x4831d0], sa_mask[0]=11111111011111110111111111111111, sa_flags=SA_RESTART|SA_SIGINFO
SIGXFSZ: [libjvm.dylib+0x4831d0], sa_mask[0]=11111111011111110111111111111111, sa_flags=SA_RESTART|SA_SIGINFO
SIGILL: [libjvm.dylib+0x4831d0], sa_mask[0]=11111111011111110111111111111111, sa_flags=SA_RESTART|SA_SIGINFO
SIGUSR1: SIG_DFL, sa_mask[0]=00000000000000000000000000000000, sa_flags=none
SIGUSR2: [libjvm.dylib+0x482cee], sa_mask[0]=00100000000000000000000000000000, sa_flags=SA_RESTART|SA_SIGINFO
SIGHUP: [libjvm.dylib+0x4812c5], sa_mask[0]=11111111011111110111111111111111, sa_flags=SA_RESTART|SA_SIGINFO
SIGINT: [libjvm.dylib+0x4812c5], sa_mask[0]=11111111011111110111111111111111, sa_flags=SA_RESTART|SA_SIGINFO
SIGTERM: [libjvm.dylib+0x4812c5], sa_mask[0]=11111111011111110111111111111111, sa_flags=SA_RESTART|SA_SIGINFO
SIGQUIT: [libjvm.dylib+0x4812c5], sa_mask[0]=11111111011111110111111111111111, sa_flags=SA_RESTART|SA_SIGINFO


---------------  S Y S T E M  ---------------

OS:Bsduname:Darwin 16.3.0 Darwin Kernel Version 16.3.0: Thu Nov 17 20:23:58 PST 2016; root:xnu-3789.31.2~1/RELEASE_X86_64 x86_64
rlimit: STACK 8192k, CORE 0k, NPROC 709, NOFILE 10240, AS infinity
load average:2.02 2.22 2.31

CPU:total 2 (2 cores per cpu, 1 threads per core) family 6 model 23 stepping 10, cmov, cx8, fxsr, mmx, sse, sse2, sse3, ssse3, sse4.1, tsc

Memory: 4k page, physical 4194304k(21988k free)

/proc/meminfo:


vm_info: Java HotSpot(TM) 64-Bit Server VM (25.92-b14) for bsd-amd64 JRE (1.8.0_92-b14), built on Mar 31 2016 21:23:14 by "java_re" with gcc 4.2.1 (Based on Apple Inc. build 5658) (LLVM build 2336.11.00)

time: Sun Jan 22 20:22:58 2017
elapsed time: 6 seconds (0d 0h 0m 6s)

